<?xml version="1.0" encoding="UTF-8"?>
<testng-results ignored="0" total="1" passed="1" failed="0" skipped="0">
  <reporter-output>
  </reporter-output>
  <suite started-at="2025-02-21T02:50:29 IST" name="Suite" finished-at="2025-02-21T02:51:05 IST" duration-ms="36214">
    <groups>
    </groups>
    <test started-at="2025-02-21T02:50:29 IST" name="Test" finished-at="2025-02-21T02:51:05 IST" duration-ms="36214">
      <class name="Sector_Details.Sector_Class">
        <test-method is-config="true" signature="setUp()[pri:0, instance:Sector_Details.Sector_Class@7ae0a9ec]" started-at="2025-02-21T02:50:29 IST" name="setUp" finished-at="2025-02-21T02:50:43 IST" duration-ms="14176" status="PASS">
          <reporter-output>
          </reporter-output>
        </test-method> <!-- setUp -->
        <test-method is-config="true" signature="setUp()[pri:0, instance:Sector_Details.Sector_Class@7ae0a9ec]" started-at="2025-02-21T02:50:43 IST" name="setUp" finished-at="2025-02-21T02:50:47 IST" duration-ms="3680" status="PASS">
          <reporter-output>
          </reporter-output>
        </test-method> <!-- setUp -->
        <test-method signature="openMyBlog()[pri:0, instance:Sector_Details.Sector_Class@7ae0a9ec]" started-at="2025-02-21T02:50:47 IST" name="openMyBlog" finished-at="2025-02-21T02:51:03 IST" duration-ms="16103" status="PASS">
          <reporter-output>
          </reporter-output>
        </test-method> <!-- openMyBlog -->
        <test-method is-config="true" signature="tearDown()[pri:0, instance:Sector_Details.Sector_Class@7ae0a9ec]" started-at="2025-02-21T02:51:03 IST" name="tearDown" finished-at="2025-02-21T02:51:05 IST" duration-ms="2205" status="PASS">
          <reporter-output>
          </reporter-output>
        </test-method> <!-- tearDown -->
        <test-method is-config="true" signature="tearDown()[pri:0, instance:Sector_Details.Sector_Class@7ae0a9ec]" started-at="2025-02-21T02:51:05 IST" name="tearDown" finished-at="2025-02-21T02:51:05 IST" duration-ms="0" status="PASS">
          <reporter-output>
          </reporter-output>
        </test-method> <!-- tearDown -->
      </class> <!-- Sector_Details.Sector_Class -->
    </test> <!-- Test -->
  </suite> <!-- Suite -->
</testng-results>
